2020-01-15 00:33:27 [INFO ] [InitializeWebDrive] - [standAloneStepUp] Chrome
2020-01-15 00:33:38 [INFO ] [InitializeWebDrive] - [beforeChrome] Chrome
2020-01-15 00:33:58 [INFO ] [InitializeWebDrive] - [tearDownDriver] Shutting Down the driver
2020-01-15 00:33:58 [INFO ] [InitializeWebDrive] - [afterChrome] 
2020-01-15 00:34:02 [INFO ] [CucumberReport] - [onFinish] Report Generated : target\test-classes\reports\cucumberreports
2020-01-15 00:37:56 [INFO ] [InitializeWebDrive] - [standAloneStepUp] Chrome
2020-01-15 00:38:08 [INFO ] [InitializeWebDrive] - [beforeChrome] Chrome
2020-01-15 00:38:19 [INFO ] [InitializeWebDrive] - [tearDownDriver] Shutting Down the driver
2020-01-15 00:38:19 [INFO ] [InitializeWebDrive] - [afterChrome] 
2020-01-15 00:38:23 [INFO ] [CucumberReport] - [onFinish] Report Generated : target\test-classes\reports\cucumberreports
2020-01-15 00:39:04 [INFO ] [InitializeWebDrive] - [standAloneStepUp] Chrome
2020-01-15 00:39:16 [INFO ] [InitializeWebDrive] - [beforeChrome] Chrome
2020-01-15 00:39:28 [INFO ] [InitializeWebDrive] - [tearDownDriver] Shutting Down the driver
2020-01-15 00:39:28 [INFO ] [InitializeWebDrive] - [afterChrome] 
2020-01-15 00:39:32 [INFO ] [CucumberReport] - [onFinish] Report Generated : target\test-classes\reports\cucumberreports
2020-01-15 00:41:47 [INFO ] [InitializeWebDrive] - [standAloneStepUp] Chrome
2020-01-15 00:41:58 [INFO ] [InitializeWebDrive] - [beforeChrome] Chrome
2020-01-15 00:42:18 [INFO ] [InitializeWebDrive] - [tearDownDriver] Shutting Down the driver
2020-01-15 00:42:18 [INFO ] [InitializeWebDrive] - [afterChrome] 
2020-01-15 00:42:21 [INFO ] [CucumberReport] - [onFinish] Report Generated : target\test-classes\reports\cucumberreports
2020-01-15 00:43:47 [INFO ] [InitializeWebDrive] - [standAloneStepUp] Chrome
2020-01-15 00:43:58 [INFO ] [InitializeWebDrive] - [beforeChrome] Chrome
2020-01-15 00:44:07 [INFO ] [InitializeWebDrive] - [tearDownDriver] Shutting Down the driver
2020-01-15 00:44:07 [INFO ] [InitializeWebDrive] - [afterChrome] 
2020-01-15 00:44:10 [INFO ] [CucumberReport] - [onFinish] Report Generated : target\test-classes\reports\cucumberreports
2020-01-15 00:46:15 [INFO ] [InitializeWebDrive] - [standAloneStepUp] Chrome
2020-01-15 00:46:26 [INFO ] [InitializeWebDrive] - [beforeChrome] Chrome
2020-01-15 00:46:37 [INFO ] [InitializeWebDrive] - [tearDownDriver] Shutting Down the driver
2020-01-15 00:46:37 [INFO ] [InitializeWebDrive] - [afterChrome] 
2020-01-15 00:46:40 [INFO ] [CucumberReport] - [onFinish] Report Generated : target\test-classes\reports\cucumberreports
2020-01-15 00:48:49 [INFO ] [InitializeWebDrive] - [standAloneStepUp] Chrome
2020-01-15 00:49:01 [INFO ] [InitializeWebDrive] - [beforeChrome] Chrome
2020-01-15 00:49:14 [INFO ] [InitializeWebDrive] - [tearDownDriver] Shutting Down the driver
2020-01-15 00:49:14 [INFO ] [InitializeWebDrive] - [afterChrome] 
2020-01-15 00:49:17 [INFO ] [CucumberReport] - [onFinish] Report Generated : target\test-classes\reports\cucumberreports
2020-01-15 00:51:05 [INFO ] [InitializeWebDrive] - [standAloneStepUp] Chrome
2020-01-15 00:51:17 [INFO ] [InitializeWebDrive] - [beforeChrome] Chrome
2020-01-15 00:51:36 [INFO ] [InitializeWebDrive] - [tearDownDriver] Shutting Down the driver
2020-01-15 00:51:36 [INFO ] [InitializeWebDrive] - [afterChrome] 
2020-01-15 00:51:39 [INFO ] [CucumberReport] - [onFinish] Report Generated : target\test-classes\reports\cucumberreports
2020-01-15 00:53:24 [INFO ] [InitializeWebDrive] - [standAloneStepUp] Chrome
2020-01-15 00:53:36 [INFO ] [InitializeWebDrive] - [beforeChrome] Chrome
2020-01-15 00:53:55 [INFO ] [InitializeWebDrive] - [tearDownDriver] Shutting Down the driver
2020-01-15 00:53:55 [INFO ] [InitializeWebDrive] - [afterChrome] 
2020-01-15 00:53:58 [INFO ] [CucumberReport] - [onFinish] Report Generated : target\test-classes\reports\cucumberreports
2020-01-15 00:55:28 [INFO ] [InitializeWebDrive] - [standAloneStepUp] Chrome
2020-01-15 00:55:40 [INFO ] [InitializeWebDrive] - [beforeChrome] Chrome
2020-01-15 00:55:56 [INFO ] [GenericHelper] - [takeScreenShot] C:\projetjava\ProjetSelenium\Sia\target\test-classes\screenshots\_2020-01-15\connect to sia.jpg
2020-01-15 00:55:57 [INFO ] [InitializeWebDrive] - [tearDownDriver] Shutting Down the driver
2020-01-15 00:55:57 [INFO ] [InitializeWebDrive] - [afterChrome] 
2020-01-15 00:56:00 [INFO ] [CucumberReport] - [onFinish] Report Generated : target\test-classes\reports\cucumberreports
2020-01-15 00:58:17 [INFO ] [InitializeWebDrive] - [standAloneStepUp] Chrome
2020-01-15 00:58:28 [INFO ] [InitializeWebDrive] - [beforeChrome] Chrome
2020-01-15 00:58:36 [INFO ] [GenericHelper] - [takeScreenShot] C:\projetjava\ProjetSelenium\Sia\target\test-classes\screenshots\_2020-01-15\connect to sia.jpg
2020-01-15 00:58:37 [INFO ] [InitializeWebDrive] - [tearDownDriver] Shutting Down the driver
2020-01-15 00:58:37 [INFO ] [InitializeWebDrive] - [afterChrome] 
2020-01-15 00:58:41 [INFO ] [CucumberReport] - [onFinish] Report Generated : target\test-classes\reports\cucumberreports
2020-01-15 00:59:28 [INFO ] [InitializeWebDrive] - [standAloneStepUp] Chrome
2020-01-15 00:59:39 [INFO ] [InitializeWebDrive] - [beforeChrome] Chrome
2020-01-15 00:59:47 [INFO ] [GenericHelper] - [takeScreenShot] C:\projetjava\ProjetSelenium\Sia\target\test-classes\screenshots\_2020-01-15\connect to sia.jpg
2020-01-15 00:59:49 [INFO ] [InitializeWebDrive] - [tearDownDriver] Shutting Down the driver
2020-01-15 00:59:49 [INFO ] [InitializeWebDrive] - [afterChrome] 
2020-01-15 00:59:52 [INFO ] [CucumberReport] - [onFinish] Report Generated : target\test-classes\reports\cucumberreports
2020-01-15 01:00:21 [INFO ] [InitializeWebDrive] - [standAloneStepUp] Chrome
2020-01-15 01:00:32 [INFO ] [InitializeWebDrive] - [beforeChrome] Chrome
2020-01-15 01:00:43 [INFO ] [InitializeWebDrive] - [tearDownDriver] Shutting Down the driver
2020-01-15 01:00:43 [INFO ] [InitializeWebDrive] - [afterChrome] 
2020-01-15 01:00:46 [INFO ] [CucumberReport] - [onFinish] Report Generated : target\test-classes\reports\cucumberreports
2020-01-15 01:03:44 [INFO ] [InitializeWebDrive] - [standAloneStepUp] Chrome
2020-01-15 01:03:56 [INFO ] [InitializeWebDrive] - [beforeChrome] Chrome
2020-01-15 01:04:07 [INFO ] [InitializeWebDrive] - [tearDownDriver] Shutting Down the driver
2020-01-15 01:04:07 [INFO ] [InitializeWebDrive] - [afterChrome] 
2020-01-15 01:04:10 [INFO ] [CucumberReport] - [onFinish] Report Generated : target\test-classes\reports\cucumberreports
2020-01-15 01:17:41 [INFO ] [InitializeWebDrive] - [standAloneStepUp] Chrome
2020-01-15 01:17:41 [INFO ] [InitializeWebDrive] - [afterChrome] 
2020-01-15 01:17:44 [INFO ] [CucumberReport] - [onFinish] Report Generated : target\test-classes\reports\cucumberreports
2020-01-15 01:23:32 [INFO ] [InitializeWebDrive] - [standAloneStepUp] Chrome
2020-01-15 01:23:44 [INFO ] [InitializeWebDrive] - [beforeChrome] Chrome
2020-01-15 01:24:14 [INFO ] [InitializeWebDrive] - [tearDownDriver] Shutting Down the driver
2020-01-15 01:24:14 [INFO ] [InitializeWebDrive] - [afterChrome] 
2020-01-15 01:24:18 [INFO ] [CucumberReport] - [onFinish] Report Generated : target\test-classes\reports\cucumberreports
2020-01-15 01:25:19 [INFO ] [InitializeWebDrive] - [standAloneStepUp] Chrome
2020-01-15 01:25:19 [INFO ] [InitializeWebDrive] - [afterChrome] 
2020-01-15 01:25:23 [INFO ] [CucumberReport] - [onFinish] Report Generated : target\test-classes\reports\cucumberreports
2020-01-15 01:32:22 [INFO ] [InitializeWebDrive] - [standAloneStepUp] Chrome
2020-01-15 01:32:22 [INFO ] [InitializeWebDrive] - [afterChrome] 
2020-01-15 01:32:26 [INFO ] [CucumberReport] - [onFinish] Report Generated : target\test-classes\reports\cucumberreports
2020-01-15 01:33:42 [INFO ] [InitializeWebDrive] - [standAloneStepUp] Chrome
2020-01-15 01:33:54 [INFO ] [InitializeWebDrive] - [beforeChrome] Chrome
2020-01-15 01:34:22 [INFO ] [InitializeWebDrive] - [tearDownDriver] Shutting Down the driver
2020-01-15 01:34:22 [INFO ] [InitializeWebDrive] - [afterChrome] 
2020-01-15 01:34:27 [INFO ] [CucumberReport] - [onFinish] Report Generated : target\test-classes\reports\cucumberreports
